[2015-05-07 07:24:18] local.ERROR: exception 'BadMethodCallException' with message 'Method [category_delete] does not exist.' in /Users/erickmo/Projects/Ongoing/ThunderDrive/vendor/laravel/framework/src/Illuminate/Routing/Controller.php:273
Stack trace:
#0 [internal function]: Illuminate\Routing\Controller->__call('category_delete', Array)
#1 [internal function]: App\Http\Controllers\Web\OrganizationController->category_delete('1', '1')
#2 /Users/erickmo/Projects/Ongoing/ThunderDrive/vendor/laravel/framework/src/Illuminate/Routing/Controller.php(246): call_user_func_array(Array, Array)
#3 /Users/erickmo/Projects/Ongoing/ThunderDrive/vendor/laravel/framework/src/Illuminate/Routing/ControllerDispatcher.php(162): Illuminate\Routing\Controller->callAction('category_delete', Array)
#4 /Users/erickmo/Projects/Ongoing/ThunderDrive/vendor/laravel/framework/src/Illuminate/Routing/ControllerDispatcher.php(107): Illuminate\Routing\ControllerDispatcher->call(Object(App\Http\Controllers\Web\OrganizationController), Object(Illuminate\Routing\Route), 'category_delete')
#5 [internal function]: Illuminate\Routing\ControllerDispatcher->Illuminate\Routing\{closure}(Object(Illuminate\Http\Request))
#6 /Users/erickmo/Projects/Ongoing/ThunderDrive/vendor/laravel/framework/src/Illuminate/Pipeline/Pipeline.php(141): call_user_func(Object(Closure), Object(Illuminate\Http\Request))
#7 [internal function]: Illuminate\Pipeline\Pipeline->Illuminate\Pipeline\{closure}(Object(Illuminate\Http\Request))
#8 /Users/erickmo/Projects/Ongoing/ThunderDrive/vendor/laravel/framework/src/Illuminate/Pipeline/Pipeline.php(101): call_user_func(Object(Closure), Object(Illuminate\Http\Request))
#9 /Users/erickmo/Projects/Ongoing/ThunderDrive/vendor/laravel/framework/src/Illuminate/Routing/ControllerDispatcher.php(108): Illuminate\Pipeline\Pipeline->then(Object(Closure))
#10 /Users/erickmo/Projects/Ongoing/ThunderDrive/vendor/laravel/framework/src/Illuminate/Routing/ControllerDispatcher.php(67): Illuminate\Routing\ControllerDispatcher->callWithinStack(Object(App\Http\Controllers\Web\OrganizationController), Object(Illuminate\Routing\Route), Object(Illuminate\Http\Request), 'category_delete')
#11 /Users/erickmo/Projects/Ongoing/ThunderDrive/vendor/laravel/framework/src/Illuminate/Routing/Route.php(204): Illuminate\Routing\ControllerDispatcher->dispatch(Object(Illuminate\Routing\Route), Object(Illuminate\Http\Request), 'App\\Http\\Contro...', 'category_delete')
#12 /Users/erickmo/Projects/Ongoing/ThunderDrive/vendor/laravel/framework/src/Illuminate/Routing/Route.php(134): Illuminate\Routing\Route->runWithCustomDispatcher(Object(Illuminate\Http\Request))
#13 /Users/erickmo/Projects/Ongoing/ThunderDrive/vendor/laravel/framework/src/Illuminate/Routing/Router.php(701): Illuminate\Routing\Route->run(Object(Illuminate\Http\Request))
#14 [internal function]: Illuminate\Routing\Router->Illuminate\Routing\{closure}(Object(Illuminate\Http\Request))
#15 /Users/erickmo/Projects/Ongoing/ThunderDrive/vendor/laravel/framework/src/Illuminate/Pipeline/Pipeline.php(141): call_user_func(Object(Closure), Object(Illuminate\Http\Request))
#16 /Users/erickmo/Projects/Ongoing/ThunderDrive/app/Http/Middleware/OrgUser.php(50): Illuminate\Pipeline\Pipeline->Illuminate\Pipeline\{closure}(Object(Illuminate\Http\Request))
#17 /Users/erickmo/Projects/Ongoing/ThunderDrive/vendor/laravel/framework/src/Illuminate/Pipeline/Pipeline.php(125): App\Http\Middleware\OrgUser->handle(Object(Illuminate\Http\Request), Object(Closure))
#18 /Users/erickmo/Projects/Ongoing/ThunderDrive/app/Http/Middleware/AuthenticateMember.php(40): Illuminate\Pipeline\Pipeline->Illuminate\Pipeline\{closure}(Object(Illuminate\Http\Request))
#19 /Users/erickmo/Projects/Ongoing/ThunderDrive/vendor/laravel/framework/src/Illuminate/Pipeline/Pipeline.php(125): App\Http\Middleware\AuthenticateMember->handle(Object(Illuminate\Http\Request), Object(Closure))
#20 [internal function]: Illuminate\Pipeline\Pipeline->Illuminate\Pipeline\{closure}(Object(Illuminate\Http\Request))
#21 /Users/erickmo/Projects/Ongoing/ThunderDrive/vendor/laravel/framework/src/Illuminate/Pipeline/Pipeline.php(101): call_user_func(Object(Closure), Object(Illuminate\Http\Request))
#22 /Users/erickmo/Projects/Ongoing/ThunderDrive/vendor/laravel/framework/src/Illuminate/Routing/Router.php(703): Illuminate\Pipeline\Pipeline->then(Object(Closure))
#23 /Users/erickmo/Projects/Ongoing/ThunderDrive/vendor/laravel/framework/src/Illuminate/Routing/Router.php(670): Illuminate\Routing\Router->runRouteWithinStack(Object(Illuminate\Routing\Route), Object(Illuminate\Http\Request))
#24 /Users/erickmo/Projects/Ongoing/ThunderDrive/vendor/laravel/framework/src/Illuminate/Routing/Router.php(628): Illuminate\Routing\Router->dispatchToRoute(Object(Illuminate\Http\Request))
#25 /Users/erickmo/Projects/Ongoing/ThunderDrive/vendor/laravel/framework/src/Illuminate/Foundation/Http/Kernel.php(214): Illuminate\Routing\Router->dispatch(Object(Illuminate\Http\Request))
#26 [internal function]: Illuminate\Foundation\Http\Kernel->Illuminate\Foundation\Http\{closure}(Object(Illuminate\Http\Request))
#27 /Users/erickmo/Projects/Ongoing/ThunderDrive/vendor/laravel/framework/src/Illuminate/Pipeline/Pipeline.php(141): call_user_func(Object(Closure), Object(Illuminate\Http\Request))
#28 /Users/erickmo/Projects/Ongoing/ThunderDrive/vendor/laravel/framework/src/Illuminate/Foundation/Http/Middleware/VerifyCsrfToken.php(43): Illuminate\Pipeline\Pipeline->Illuminate\Pipeline\{closure}(Object(Illuminate\Http\Request))
#29 /Users/erickmo/Projects/Ongoing/ThunderDrive/app/Http/Middleware/VerifyCsrfToken.php(17): Illuminate\Foundation\Http\Middleware\VerifyCsrfToken->handle(Object(Illuminate\Http\Request), Object(Closure))
#30 /Users/erickmo/Projects/Ongoing/ThunderDrive/vendor/laravel/framework/src/Illuminate/Pipeline/Pipeline.php(125): App\Http\Middleware\VerifyCsrfToken->handle(Object(Illuminate\Http\Request), Object(Closure))
#31 /Users/erickmo/Projects/Ongoing/ThunderDrive/vendor/laravel/framework/src/Illuminate/View/Middleware/ShareErrorsFromSession.php(55): Illuminate\Pipeline\Pipeline->Illuminate\Pipeline\{closure}(Object(Illuminate\Http\Request))
#32 /Users/erickmo/Projects/Ongoing/ThunderDrive/vendor/laravel/framework/src/Illuminate/Pipeline/Pipeline.php(125): Illuminate\View\Middleware\ShareErrorsFromSession->handle(Object(Illuminate\Http\Request), Object(Closure))
#33 /Users/erickmo/Projects/Ongoing/ThunderDrive/vendor/laravel/framework/src/Illuminate/Session/Middleware/StartSession.php(61): Illuminate\Pipeline\Pipeline->Illuminate\Pipeline\{closure}(Object(Illuminate\Http\Request))
#34 /Users/erickmo/Projects/Ongoing/ThunderDrive/vendor/laravel/framework/src/Illuminate/Pipeline/Pipeline.php(125): Illuminate\Session\Middleware\StartSession->handle(Object(Illuminate\Http\Request), Object(Closure))
#35 /Users/erickmo/Projects/Ongoing/ThunderDrive/vendor/laravel/framework/src/Illuminate/Cookie/Middleware/AddQueuedCookiesToResponse.php(36): Illuminate\Pipeline\Pipeline->Illuminate\Pipeline\{closure}(Object(Illuminate\Http\Request))
#36 /Users/erickmo/Projects/Ongoing/ThunderDrive/vendor/laravel/framework/src/Illuminate/Pipeline/Pipeline.php(125): Illuminate\Cookie\Middleware\AddQueuedCookiesToResponse->handle(Object(Illuminate\Http\Request), Object(Closure))
#37 /Users/erickmo/Projects/Ongoing/ThunderDrive/vendor/laravel/framework/src/Illuminate/Cookie/Middleware/EncryptCookies.php(40): Illuminate\Pipeline\Pipeline->Illuminate\Pipeline\{closure}(Object(Illuminate\Http\Request))
#38 /Users/erickmo/Projects/Ongoing/ThunderDrive/vendor/laravel/framework/src/Illuminate/Pipeline/Pipeline.php(125): Illuminate\Cookie\Middleware\EncryptCookies->handle(Object(Illuminate\Http\Request), Object(Closure))
#39 /Users/erickmo/Projects/Ongoing/ThunderDrive/vendor/laravel/framework/src/Illuminate/Foundation/Http/Middleware/CheckForMaintenanceMode.php(42): Illuminate\Pipeline\Pipeline->Illuminate\Pipeline\{closure}(Object(Illuminate\Http\Request))
#40 /Users/erickmo/Projects/Ongoing/ThunderDrive/vendor/laravel/framework/src/Illuminate/Pipeline/Pipeline.php(125): Illuminate\Foundation\Http\Middleware\CheckForMaintenanceMode->handle(Object(Illuminate\Http\Request), Object(Closure))
#41 [internal function]: Illuminate\Pipeline\Pipeline->Illuminate\Pipeline\{closure}(Object(Illuminate\Http\Request))
#42 /Users/erickmo/Projects/Ongoing/ThunderDrive/vendor/laravel/framework/src/Illuminate/Pipeline/Pipeline.php(101): call_user_func(Object(Closure), Object(Illuminate\Http\Request))
#43 /Users/erickmo/Projects/Ongoing/ThunderDrive/vendor/laravel/framework/src/Illuminate/Foundation/Http/Kernel.php(115): Illuminate\Pipeline\Pipeline->then(Object(Closure))
#44 /Users/erickmo/Projects/Ongoing/ThunderDrive/vendor/laravel/framework/src/Illuminate/Foundation/Http/Kernel.php(84): Illuminate\Foundation\Http\Kernel->sendRequestThroughRouter(Object(Illuminate\Http\Request))
#45 /Users/erickmo/Projects/Ongoing/ThunderDrive/public/index.php(53): Illuminate\Foundation\Http\Kernel->handle(Object(Illuminate\Http\Request))
#46 /Users/erickmo/Projects/Ongoing/ThunderDrive/server.php(21): require_once('/Users/erickmo/...')
#47 {main}  
[2015-05-07 07:26:36] local.ERROR: exception 'InvalidArgumentException' with message 'Route [] not defined.' in /Users/erickmo/Projects/Ongoing/ThunderDrive/vendor/laravel/framework/src/Illuminate/Routing/UrlGenerator.php:273
Stack trace:
#0 /Users/erickmo/Projects/Ongoing/ThunderDrive/vendor/laravel/framework/src/Illuminate/Foundation/helpers.php(451): Illuminate\Routing\UrlGenerator->route(NULL, Array, true, NULL)
#1 /Users/erickmo/Projects/Ongoing/ThunderDrive/storage/framework/views/65bcb50730dd01fa69c20c759057cf2b(14): route()
#2 /Users/erickmo/Projects/Ongoing/ThunderDrive/vendor/laravel/framework/src/Illuminate/View/Engines/PhpEngine.php(39): include('/Users/erickmo/...')
#3 /Users/erickmo/Projects/Ongoing/ThunderDrive/vendor/laravel/framework/src/Illuminate/View/Engines/CompilerEngine.php(57): Illuminate\View\Engines\PhpEngine->evaluatePath('/Users/erickmo/...', Array)
#4 /Users/erickmo/Projects/Ongoing/ThunderDrive/vendor/laravel/framework/src/Illuminate/View/View.php(136): Illuminate\View\Engines\CompilerEngine->get('/Users/erickmo/...', Array)
#5 /Users/erickmo/Projects/Ongoing/ThunderDrive/vendor/laravel/framework/src/Illuminate/View/View.php(104): Illuminate\View\View->getContents()
#6 /Users/erickmo/Projects/Ongoing/ThunderDrive/vendor/laravel/framework/src/Illuminate/View/View.php(78): Illuminate\View\View->renderContents()
#7 /Users/erickmo/Projects/Ongoing/ThunderDrive/vendor/laravel/framework/src/Illuminate/View/View.php(152): Illuminate\View\View->render()
#8 /Users/erickmo/Projects/Ongoing/ThunderDrive/vendor/laravel/framework/src/Illuminate/View/View.php(136): Illuminate\View\View->gatherData()
#9 /Users/erickmo/Projects/Ongoing/ThunderDrive/vendor/laravel/framework/src/Illuminate/View/View.php(104): Illuminate\View\View->getContents()
#10 /Users/erickmo/Projects/Ongoing/ThunderDrive/vendor/laravel/framework/src/Illuminate/View/View.php(78): Illuminate\View\View->renderContents()
#11 /Users/erickmo/Projects/Ongoing/ThunderDrive/vendor/laravel/framework/src/Illuminate/View/View.php(152): Illuminate\View\View->render()
#12 /Users/erickmo/Projects/Ongoing/ThunderDrive/vendor/laravel/framework/src/Illuminate/View/View.php(136): Illuminate\View\View->gatherData()
#13 /Users/erickmo/Projects/Ongoing/ThunderDrive/vendor/laravel/framework/src/Illuminate/View/View.php(104): Illuminate\View\View->getContents()
#14 /Users/erickmo/Projects/Ongoing/ThunderDrive/vendor/laravel/framework/src/Illuminate/View/View.php(78): Illuminate\View\View->renderContents()
#15 /Users/erickmo/Projects/Ongoing/ThunderDrive/vendor/laravel/framework/src/Illuminate/Http/Response.php(44): Illuminate\View\View->render()
#16 /Users/erickmo/Projects/Ongoing/ThunderDrive/vendor/symfony/http-foundation/Symfony/Component/HttpFoundation/Response.php(202): Illuminate\Http\Response->setContent(Object(Illuminate\View\View))
#17 /Users/erickmo/Projects/Ongoing/ThunderDrive/vendor/laravel/framework/src/Illuminate/Routing/Router.php(1198): Symfony\Component\HttpFoundation\Response->__construct(Object(Illuminate\View\View))
#18 /Users/erickmo/Projects/Ongoing/ThunderDrive/vendor/laravel/framework/src/Illuminate/Routing/Router.php(702): Illuminate\Routing\Router->prepareResponse(Object(Illuminate\Http\Request), Object(Illuminate\View\View))
#19 [internal function]: Illuminate\Routing\Router->Illuminate\Routing\{closure}(Object(Illuminate\Http\Request))
#20 /Users/erickmo/Projects/Ongoing/ThunderDrive/vendor/laravel/framework/src/Illuminate/Pipeline/Pipeline.php(141): call_user_func(Object(Closure), Object(Illuminate\Http\Request))
#21 /Users/erickmo/Projects/Ongoing/ThunderDrive/app/Http/Middleware/OrgUser.php(50): Illuminate\Pipeline\Pipeline->Illuminate\Pipeline\{closure}(Object(Illuminate\Http\Request))
#22 /Users/erickmo/Projects/Ongoing/ThunderDrive/vendor/laravel/framework/src/Illuminate/Pipeline/Pipeline.php(125): App\Http\Middleware\OrgUser->handle(Object(Illuminate\Http\Request), Object(Closure))
#23 /Users/erickmo/Projects/Ongoing/ThunderDrive/app/Http/Middleware/AuthenticateMember.php(40): Illuminate\Pipeline\Pipeline->Illuminate\Pipeline\{closure}(Object(Illuminate\Http\Request))
#24 /Users/erickmo/Projects/Ongoing/ThunderDrive/vendor/laravel/framework/src/Illuminate/Pipeline/Pipeline.php(125): App\Http\Middleware\AuthenticateMember->handle(Object(Illuminate\Http\Request), Object(Closure))
#25 [internal function]: Illuminate\Pipeline\Pipeline->Illuminate\Pipeline\{closure}(Object(Illuminate\Http\Request))
#26 /Users/erickmo/Projects/Ongoing/ThunderDrive/vendor/laravel/framework/src/Illuminate/Pipeline/Pipeline.php(101): call_user_func(Object(Closure), Object(Illuminate\Http\Request))
#27 /Users/erickmo/Projects/Ongoing/ThunderDrive/vendor/laravel/framework/src/Illuminate/Routing/Router.php(703): Illuminate\Pipeline\Pipeline->then(Object(Closure))
#28 /Users/erickmo/Projects/Ongoing/ThunderDrive/vendor/laravel/framework/src/Illuminate/Routing/Router.php(670): Illuminate\Routing\Router->runRouteWithinStack(Object(Illuminate\Routing\Route), Object(Illuminate\Http\Request))
#29 /Users/erickmo/Projects/Ongoing/ThunderDrive/vendor/laravel/framework/src/Illuminate/Routing/Router.php(628): Illuminate\Routing\Router->dispatchToRoute(Object(Illuminate\Http\Request))
#30 /Users/erickmo/Projects/Ongoing/ThunderDrive/vendor/laravel/framework/src/Illuminate/Foundation/Http/Kernel.php(214): Illuminate\Routing\Router->dispatch(Object(Illuminate\Http\Request))
#31 [internal function]: Illuminate\Foundation\Http\Kernel->Illuminate\Foundation\Http\{closure}(Object(Illuminate\Http\Request))
#32 /Users/erickmo/Projects/Ongoing/ThunderDrive/vendor/laravel/framework/src/Illuminate/Pipeline/Pipeline.php(141): call_user_func(Object(Closure), Object(Illuminate\Http\Request))
#33 /Users/erickmo/Projects/Ongoing/ThunderDrive/vendor/laravel/framework/src/Illuminate/Foundation/Http/Middleware/VerifyCsrfToken.php(43): Illuminate\Pipeline\Pipeline->Illuminate\Pipeline\{closure}(Object(Illuminate\Http\Request))
#34 /Users/erickmo/Projects/Ongoing/ThunderDrive/app/Http/Middleware/VerifyCsrfToken.php(17): Illuminate\Foundation\Http\Middleware\VerifyCsrfToken->handle(Object(Illuminate\Http\Request), Object(Closure))
#35 /Users/erickmo/Projects/Ongoing/ThunderDrive/vendor/laravel/framework/src/Illuminate/Pipeline/Pipeline.php(125): App\Http\Middleware\VerifyCsrfToken->handle(Object(Illuminate\Http\Request), Object(Closure))
#36 /Users/erickmo/Projects/Ongoing/ThunderDrive/vendor/laravel/framework/src/Illuminate/View/Middleware/ShareErrorsFromSession.php(55): Illuminate\Pipeline\Pipeline->Illuminate\Pipeline\{closure}(Object(Illuminate\Http\Request))
#37 /Users/erickmo/Projects/Ongoing/ThunderDrive/vendor/laravel/framework/src/Illuminate/Pipeline/Pipeline.php(125): Illuminate\View\Middleware\ShareErrorsFromSession->handle(Object(Illuminate\Http\Request), Object(Closure))
#38 /Users/erickmo/Projects/Ongoing/ThunderDrive/vendor/laravel/framework/src/Illuminate/Session/Middleware/StartSession.php(61): Illuminate\Pipeline\Pipeline->Illuminate\Pipeline\{closure}(Object(Illuminate\Http\Request))
#39 /Users/erickmo/Projects/Ongoing/ThunderDrive/vendor/laravel/framework/src/Illuminate/Pipeline/Pipeline.php(125): Illuminate\Session\Middleware\StartSession->handle(Object(Illuminate\Http\Request), Object(Closure))
#40 /Users/erickmo/Projects/Ongoing/ThunderDrive/vendor/laravel/framework/src/Illuminate/Cookie/Middleware/AddQueuedCookiesToResponse.php(36): Illuminate\Pipeline\Pipeline->Illuminate\Pipeline\{closure}(Object(Illuminate\Http\Request))
#41 /Users/erickmo/Projects/Ongoing/ThunderDrive/vendor/laravel/framework/src/Illuminate/Pipeline/Pipeline.php(125): Illuminate\Cookie\Middleware\AddQueuedCookiesToResponse->handle(Object(Illuminate\Http\Request), Object(Closure))
#42 /Users/erickmo/Projects/Ongoing/ThunderDrive/vendor/laravel/framework/src/Illuminate/Cookie/Middleware/EncryptCookies.php(40): Illuminate\Pipeline\Pipeline->Illuminate\Pipeline\{closure}(Object(Illuminate\Http\Request))
#43 /Users/erickmo/Projects/Ongoing/ThunderDrive/vendor/laravel/framework/src/Illuminate/Pipeline/Pipeline.php(125): Illuminate\Cookie\Middleware\EncryptCookies->handle(Object(Illuminate\Http\Request), Object(Closure))
#44 /Users/erickmo/Projects/Ongoing/ThunderDrive/vendor/laravel/framework/src/Illuminate/Foundation/Http/Middleware/CheckForMaintenanceMode.php(42): Illuminate\Pipeline\Pipeline->Illuminate\Pipeline\{closure}(Object(Illuminate\Http\Request))
#45 /Users/erickmo/Projects/Ongoing/ThunderDrive/vendor/laravel/framework/src/Illuminate/Pipeline/Pipeline.php(125): Illuminate\Foundation\Http\Middleware\CheckForMaintenanceMode->handle(Object(Illuminate\Http\Request), Object(Closure))
#46 [internal function]: Illuminate\Pipeline\Pipeline->Illuminate\Pipeline\{closure}(Object(Illuminate\Http\Request))
#47 /Users/erickmo/Projects/Ongoing/ThunderDrive/vendor/laravel/framework/src/Illuminate/Pipeline/Pipeline.php(101): call_user_func(Object(Closure), Object(Illuminate\Http\Request))
#48 /Users/erickmo/Projects/Ongoing/ThunderDrive/vendor/laravel/framework/src/Illuminate/Foundation/Http/Kernel.php(115): Illuminate\Pipeline\Pipeline->then(Object(Closure))
#49 /Users/erickmo/Projects/Ongoing/ThunderDrive/vendor/laravel/framework/src/Illuminate/Foundation/Http/Kernel.php(84): Illuminate\Foundation\Http\Kernel->sendRequestThroughRouter(Object(Illuminate\Http\Request))
#50 /Users/erickmo/Projects/Ongoing/ThunderDrive/public/index.php(53): Illuminate\Foundation\Http\Kernel->handle(Object(Illuminate\Http\Request))
#51 /Users/erickmo/Projects/Ongoing/ThunderDrive/server.php(21): require_once('/Users/erickmo/...')
#52 {main}

Next exception 'ErrorException' with message 'Route [] not defined. (View: /Users/erickmo/Projects/Ongoing/ThunderDrive/resources/views/web/pages/me/organization/category/delete.blade.php)' in /Users/erickmo/Projects/Ongoing/ThunderDrive/vendor/laravel/framework/src/Illuminate/Routing/UrlGenerator.php:273
Stack trace:
#0 /Users/erickmo/Projects/Ongoing/ThunderDrive/vendor/laravel/framework/src/Illuminate/View/Engines/PhpEngine.php(43): Illuminate\View\Engines\CompilerEngine->handleViewException(Object(InvalidArgumentException), 1)
#1 /Users/erickmo/Projects/Ongoing/ThunderDrive/vendor/laravel/framework/src/Illuminate/View/Engines/CompilerEngine.php(57): Illuminate\View\Engines\PhpEngine->evaluatePath('/Users/erickmo/...', Array)
#2 /Users/erickmo/Projects/Ongoing/ThunderDrive/vendor/laravel/framework/src/Illuminate/View/View.php(136): Illuminate\View\Engines\CompilerEngine->get('/Users/erickmo/...', Array)
#3 /Users/erickmo/Projects/Ongoing/ThunderDrive/vendor/laravel/framework/src/Illuminate/View/View.php(104): Illuminate\View\View->getContents()
#4 /Users/erickmo/Projects/Ongoing/ThunderDrive/vendor/laravel/framework/src/Illuminate/View/View.php(78): Illuminate\View\View->renderContents()
#5 /Users/erickmo/Projects/Ongoing/ThunderDrive/vendor/laravel/framework/src/Illuminate/View/View.php(152): Illuminate\View\View->render()
#6 /Users/erickmo/Projects/Ongoing/ThunderDrive/vendor/laravel/framework/src/Illuminate/View/View.php(136): Illuminate\View\View->gatherData()
#7 /Users/erickmo/Projects/Ongoing/ThunderDrive/vendor/laravel/framework/src/Illuminate/View/View.php(104): Illuminate\View\View->getContents()
#8 /Users/erickmo/Projects/Ongoing/ThunderDrive/vendor/laravel/framework/src/Illuminate/View/View.php(78): Illuminate\View\View->renderContents()
#9 /Users/erickmo/Projects/Ongoing/ThunderDrive/vendor/laravel/framework/src/Illuminate/View/View.php(152): Illuminate\View\View->render()
#10 /Users/erickmo/Projects/Ongoing/ThunderDrive/vendor/laravel/framework/src/Illuminate/View/View.php(136): Illuminate\View\View->gatherData()
#11 /Users/erickmo/Projects/Ongoing/ThunderDrive/vendor/laravel/framework/src/Illuminate/View/View.php(104): Illuminate\View\View->getContents()
#12 /Users/erickmo/Projects/Ongoing/ThunderDrive/vendor/laravel/framework/src/Illuminate/View/View.php(78): Illuminate\View\View->renderContents()
#13 /Users/erickmo/Projects/Ongoing/ThunderDrive/vendor/laravel/framework/src/Illuminate/Http/Response.php(44): Illuminate\View\View->render()
#14 /Users/erickmo/Projects/Ongoing/ThunderDrive/vendor/symfony/http-foundation/Symfony/Component/HttpFoundation/Response.php(202): Illuminate\Http\Response->setContent(Object(Illuminate\View\View))
#15 /Users/erickmo/Projects/Ongoing/ThunderDrive/vendor/laravel/framework/src/Illuminate/Routing/Router.php(1198): Symfony\Component\HttpFoundation\Response->__construct(Object(Illuminate\View\View))
#16 /Users/erickmo/Projects/Ongoing/ThunderDrive/vendor/laravel/framework/src/Illuminate/Routing/Router.php(702): Illuminate\Routing\Router->prepareResponse(Object(Illuminate\Http\Request), Object(Illuminate\View\View))
#17 [internal function]: Illuminate\Routing\Router->Illuminate\Routing\{closure}(Object(Illuminate\Http\Request))
#18 /Users/erickmo/Projects/Ongoing/ThunderDrive/vendor/laravel/framework/src/Illuminate/Pipeline/Pipeline.php(141): call_user_func(Object(Closure), Object(Illuminate\Http\Request))
#19 /Users/erickmo/Projects/Ongoing/ThunderDrive/app/Http/Middleware/OrgUser.php(50): Illuminate\Pipeline\Pipeline->Illuminate\Pipeline\{closure}(Object(Illuminate\Http\Request))
#20 /Users/erickmo/Projects/Ongoing/ThunderDrive/vendor/laravel/framework/src/Illuminate/Pipeline/Pipeline.php(125): App\Http\Middleware\OrgUser->handle(Object(Illuminate\Http\Request), Object(Closure))
#21 /Users/erickmo/Projects/Ongoing/ThunderDrive/app/Http/Middleware/AuthenticateMember.php(40): Illuminate\Pipeline\Pipeline->Illuminate\Pipeline\{closure}(Object(Illuminate\Http\Request))
#22 /Users/erickmo/Projects/Ongoing/ThunderDrive/vendor/laravel/framework/src/Illuminate/Pipeline/Pipeline.php(125): App\Http\Middleware\AuthenticateMember->handle(Object(Illuminate\Http\Request), Object(Closure))
#23 [internal function]: Illuminate\Pipeline\Pipeline->Illuminate\Pipeline\{closure}(Object(Illuminate\Http\Request))
#24 /Users/erickmo/Projects/Ongoing/ThunderDrive/vendor/laravel/framework/src/Illuminate/Pipeline/Pipeline.php(101): call_user_func(Object(Closure), Object(Illuminate\Http\Request))
#25 /Users/erickmo/Projects/Ongoing/ThunderDrive/vendor/laravel/framework/src/Illuminate/Routing/Router.php(703): Illuminate\Pipeline\Pipeline->then(Object(Closure))
#26 /Users/erickmo/Projects/Ongoing/ThunderDrive/vendor/laravel/framework/src/Illuminate/Routing/Router.php(670): Illuminate\Routing\Router->runRouteWithinStack(Object(Illuminate\Routing\Route), Object(Illuminate\Http\Request))
#27 /Users/erickmo/Projects/Ongoing/ThunderDrive/vendor/laravel/framework/src/Illuminate/Routing/Router.php(628): Illuminate\Routing\Router->dispatchToRoute(Object(Illuminate\Http\Request))
#28 /Users/erickmo/Projects/Ongoing/ThunderDrive/vendor/laravel/framework/src/Illuminate/Foundation/Http/Kernel.php(214): Illuminate\Routing\Router->dispatch(Object(Illuminate\Http\Request))
#29 [internal function]: Illuminate\Foundation\Http\Kernel->Illuminate\Foundation\Http\{closure}(Object(Illuminate\Http\Request))
#30 /Users/erickmo/Projects/Ongoing/ThunderDrive/vendor/laravel/framework/src/Illuminate/Pipeline/Pipeline.php(141): call_user_func(Object(Closure), Object(Illuminate\Http\Request))
#31 /Users/erickmo/Projects/Ongoing/ThunderDrive/vendor/laravel/framework/src/Illuminate/Foundation/Http/Middleware/VerifyCsrfToken.php(43): Illuminate\Pipeline\Pipeline->Illuminate\Pipeline\{closure}(Object(Illuminate\Http\Request))
#32 /Users/erickmo/Projects/Ongoing/ThunderDrive/app/Http/Middleware/VerifyCsrfToken.php(17): Illuminate\Foundation\Http\Middleware\VerifyCsrfToken->handle(Object(Illuminate\Http\Request), Object(Closure))
#33 /Users/erickmo/Projects/Ongoing/ThunderDrive/vendor/laravel/framework/src/Illuminate/Pipeline/Pipeline.php(125): App\Http\Middleware\VerifyCsrfToken->handle(Object(Illuminate\Http\Request), Object(Closure))
#34 /Users/erickmo/Projects/Ongoing/ThunderDrive/vendor/laravel/framework/src/Illuminate/View/Middleware/ShareErrorsFromSession.php(55): Illuminate\Pipeline\Pipeline->Illuminate\Pipeline\{closure}(Object(Illuminate\Http\Request))
#35 /Users/erickmo/Projects/Ongoing/ThunderDrive/vendor/laravel/framework/src/Illuminate/Pipeline/Pipeline.php(125): Illuminate\View\Middleware\ShareErrorsFromSession->handle(Object(Illuminate\Http\Request), Object(Closure))
#36 /Users/erickmo/Projects/Ongoing/ThunderDrive/vendor/laravel/framework/src/Illuminate/Session/Middleware/StartSession.php(61): Illuminate\Pipeline\Pipeline->Illuminate\Pipeline\{closure}(Object(Illuminate\Http\Request))
#37 /Users/erickmo/Projects/Ongoing/ThunderDrive/vendor/laravel/framework/src/Illuminate/Pipeline/Pipeline.php(125): Illuminate\Session\Middleware\StartSession->handle(Object(Illuminate\Http\Request), Object(Closure))
#38 /Users/erickmo/Projects/Ongoing/ThunderDrive/vendor/laravel/framework/src/Illuminate/Cookie/Middleware/AddQueuedCookiesToResponse.php(36): Illuminate\Pipeline\Pipeline->Illuminate\Pipeline\{closure}(Object(Illuminate\Http\Request))
#39 /Users/erickmo/Projects/Ongoing/ThunderDrive/vendor/laravel/framework/src/Illuminate/Pipeline/Pipeline.php(125): Illuminate\Cookie\Middleware\AddQueuedCookiesToResponse->handle(Object(Illuminate\Http\Request), Object(Closure))
#40 /Users/erickmo/Projects/Ongoing/ThunderDrive/vendor/laravel/framework/src/Illuminate/Cookie/Middleware/EncryptCookies.php(40): Illuminate\Pipeline\Pipeline->Illuminate\Pipeline\{closure}(Object(Illuminate\Http\Request))
#41 /Users/erickmo/Projects/Ongoing/ThunderDrive/vendor/laravel/framework/src/Illuminate/Pipeline/Pipeline.php(125): Illuminate\Cookie\Middleware\EncryptCookies->handle(Object(Illuminate\Http\Request), Object(Closure))
#42 /Users/erickmo/Projects/Ongoing/ThunderDrive/vendor/laravel/framework/src/Illuminate/Foundation/Http/Middleware/CheckForMaintenanceMode.php(42): Illuminate\Pipeline\Pipeline->Illuminate\Pipeline\{closure}(Object(Illuminate\Http\Request))
#43 /Users/erickmo/Projects/Ongoing/ThunderDrive/vendor/laravel/framework/src/Illuminate/Pipeline/Pipeline.php(125): Illuminate\Foundation\Http\Middleware\CheckForMaintenanceMode->handle(Object(Illuminate\Http\Request), Object(Closure))
#44 [internal function]: Illuminate\Pipeline\Pipeline->Illuminate\Pipeline\{closure}(Object(Illuminate\Http\Request))
#45 /Users/erickmo/Projects/Ongoing/ThunderDrive/vendor/laravel/framework/src/Illuminate/Pipeline/Pipeline.php(101): call_user_func(Object(Closure), Object(Illuminate\Http\Request))
#46 /Users/erickmo/Projects/Ongoing/ThunderDrive/vendor/laravel/framework/src/Illuminate/Foundation/Http/Kernel.php(115): Illuminate\Pipeline\Pipeline->then(Object(Closure))
#47 /Users/erickmo/Projects/Ongoing/ThunderDrive/vendor/laravel/framework/src/Illuminate/Foundation/Http/Kernel.php(84): Illuminate\Foundation\Http\Kernel->sendRequestThroughRouter(Object(Illuminate\Http\Request))
#48 /Users/erickmo/Projects/Ongoing/ThunderDrive/public/index.php(53): Illuminate\Foundation\Http\Kernel->handle(Object(Illuminate\Http\Request))
#49 /Users/erickmo/Projects/Ongoing/ThunderDrive/server.php(21): require_once('/Users/erickmo/...')
#50 {main}  
[2015-05-07 07:27:29] local.ERROR: exception 'BadMethodCallException' with message 'Method [category_delete_post] does not exist.' in /Users/erickmo/Projects/Ongoing/ThunderDrive/vendor/laravel/framework/src/Illuminate/Routing/Controller.php:273
Stack trace:
#0 [internal function]: Illuminate\Routing\Controller->__call('category_delete...', Array)
#1 [internal function]: App\Http\Controllers\Web\OrganizationController->category_delete_post('1', '1')
#2 /Users/erickmo/Projects/Ongoing/ThunderDrive/vendor/laravel/framework/src/Illuminate/Routing/Controller.php(246): call_user_func_array(Array, Array)
#3 /Users/erickmo/Projects/Ongoing/ThunderDrive/vendor/laravel/framework/src/Illuminate/Routing/ControllerDispatcher.php(162): Illuminate\Routing\Controller->callAction('category_delete...', Array)
#4 /Users/erickmo/Projects/Ongoing/ThunderDrive/vendor/laravel/framework/src/Illuminate/Routing/ControllerDispatcher.php(107): Illuminate\Routing\ControllerDispatcher->call(Object(App\Http\Controllers\Web\OrganizationController), Object(Illuminate\Routing\Route), 'category_delete...')
#5 [internal function]: Illuminate\Routing\ControllerDispatcher->Illuminate\Routing\{closure}(Object(Illuminate\Http\Request))
#6 /Users/erickmo/Projects/Ongoing/ThunderDrive/vendor/laravel/framework/src/Illuminate/Pipeline/Pipeline.php(141): call_user_func(Object(Closure), Object(Illuminate\Http\Request))
#7 [internal function]: Illuminate\Pipeline\Pipeline->Illuminate\Pipeline\{closure}(Object(Illuminate\Http\Request))
#8 /Users/erickmo/Projects/Ongoing/ThunderDrive/vendor/laravel/framework/src/Illuminate/Pipeline/Pipeline.php(101): call_user_func(Object(Closure), Object(Illuminate\Http\Request))
#9 /Users/erickmo/Projects/Ongoing/ThunderDrive/vendor/laravel/framework/src/Illuminate/Routing/ControllerDispatcher.php(108): Illuminate\Pipeline\Pipeline->then(Object(Closure))
#10 /Users/erickmo/Projects/Ongoing/ThunderDrive/vendor/laravel/framework/src/Illuminate/Routing/ControllerDispatcher.php(67): Illuminate\Routing\ControllerDispatcher->callWithinStack(Object(App\Http\Controllers\Web\OrganizationController), Object(Illuminate\Routing\Route), Object(Illuminate\Http\Request), 'category_delete...')
#11 /Users/erickmo/Projects/Ongoing/ThunderDrive/vendor/laravel/framework/src/Illuminate/Routing/Route.php(204): Illuminate\Routing\ControllerDispatcher->dispatch(Object(Illuminate\Routing\Route), Object(Illuminate\Http\Request), 'App\\Http\\Contro...', 'category_delete...')
#12 /Users/erickmo/Projects/Ongoing/ThunderDrive/vendor/laravel/framework/src/Illuminate/Routing/Route.php(134): Illuminate\Routing\Route->runWithCustomDispatcher(Object(Illuminate\Http\Request))
#13 /Users/erickmo/Projects/Ongoing/ThunderDrive/vendor/laravel/framework/src/Illuminate/Routing/Router.php(701): Illuminate\Routing\Route->run(Object(Illuminate\Http\Request))
#14 [internal function]: Illuminate\Routing\Router->Illuminate\Routing\{closure}(Object(Illuminate\Http\Request))
#15 /Users/erickmo/Projects/Ongoing/ThunderDrive/vendor/laravel/framework/src/Illuminate/Pipeline/Pipeline.php(141): call_user_func(Object(Closure), Object(Illuminate\Http\Request))
#16 /Users/erickmo/Projects/Ongoing/ThunderDrive/app/Http/Middleware/OrgUser.php(50): Illuminate\Pipeline\Pipeline->Illuminate\Pipeline\{closure}(Object(Illuminate\Http\Request))
#17 /Users/erickmo/Projects/Ongoing/ThunderDrive/vendor/laravel/framework/src/Illuminate/Pipeline/Pipeline.php(125): App\Http\Middleware\OrgUser->handle(Object(Illuminate\Http\Request), Object(Closure))
#18 /Users/erickmo/Projects/Ongoing/ThunderDrive/app/Http/Middleware/AuthenticateMember.php(40): Illuminate\Pipeline\Pipeline->Illuminate\Pipeline\{closure}(Object(Illuminate\Http\Request))
#19 /Users/erickmo/Projects/Ongoing/ThunderDrive/vendor/laravel/framework/src/Illuminate/Pipeline/Pipeline.php(125): App\Http\Middleware\AuthenticateMember->handle(Object(Illuminate\Http\Request), Object(Closure))
#20 [internal function]: Illuminate\Pipeline\Pipeline->Illuminate\Pipeline\{closure}(Object(Illuminate\Http\Request))
#21 /Users/erickmo/Projects/Ongoing/ThunderDrive/vendor/laravel/framework/src/Illuminate/Pipeline/Pipeline.php(101): call_user_func(Object(Closure), Object(Illuminate\Http\Request))
#22 /Users/erickmo/Projects/Ongoing/ThunderDrive/vendor/laravel/framework/src/Illuminate/Routing/Router.php(703): Illuminate\Pipeline\Pipeline->then(Object(Closure))
#23 /Users/erickmo/Projects/Ongoing/ThunderDrive/vendor/laravel/framework/src/Illuminate/Routing/Router.php(670): Illuminate\Routing\Router->runRouteWithinStack(Object(Illuminate\Routing\Route), Object(Illuminate\Http\Request))
#24 /Users/erickmo/Projects/Ongoing/ThunderDrive/vendor/laravel/framework/src/Illuminate/Routing/Router.php(628): Illuminate\Routing\Router->dispatchToRoute(Object(Illuminate\Http\Request))
#25 /Users/erickmo/Projects/Ongoing/ThunderDrive/vendor/laravel/framework/src/Illuminate/Foundation/Http/Kernel.php(214): Illuminate\Routing\Router->dispatch(Object(Illuminate\Http\Request))
#26 [internal function]: Illuminate\Foundation\Http\Kernel->Illuminate\Foundation\Http\{closure}(Object(Illuminate\Http\Request))
#27 /Users/erickmo/Projects/Ongoing/ThunderDrive/vendor/laravel/framework/src/Illuminate/Pipeline/Pipeline.php(141): call_user_func(Object(Closure), Object(Illuminate\Http\Request))
#28 /Users/erickmo/Projects/Ongoing/ThunderDrive/vendor/laravel/framework/src/Illuminate/Foundation/Http/Middleware/VerifyCsrfToken.php(43): Illuminate\Pipeline\Pipeline->Illuminate\Pipeline\{closure}(Object(Illuminate\Http\Request))
#29 /Users/erickmo/Projects/Ongoing/ThunderDrive/app/Http/Middleware/VerifyCsrfToken.php(17): Illuminate\Foundation\Http\Middleware\VerifyCsrfToken->handle(Object(Illuminate\Http\Request), Object(Closure))
#30 /Users/erickmo/Projects/Ongoing/ThunderDrive/vendor/laravel/framework/src/Illuminate/Pipeline/Pipeline.php(125): App\Http\Middleware\VerifyCsrfToken->handle(Object(Illuminate\Http\Request), Object(Closure))
#31 /Users/erickmo/Projects/Ongoing/ThunderDrive/vendor/laravel/framework/src/Illuminate/View/Middleware/ShareErrorsFromSession.php(55): Illuminate\Pipeline\Pipeline->Illuminate\Pipeline\{closure}(Object(Illuminate\Http\Request))
#32 /Users/erickmo/Projects/Ongoing/ThunderDrive/vendor/laravel/framework/src/Illuminate/Pipeline/Pipeline.php(125): Illuminate\View\Middleware\ShareErrorsFromSession->handle(Object(Illuminate\Http\Request), Object(Closure))
#33 /Users/erickmo/Projects/Ongoing/ThunderDrive/vendor/laravel/framework/src/Illuminate/Session/Middleware/StartSession.php(61): Illuminate\Pipeline\Pipeline->Illuminate\Pipeline\{closure}(Object(Illuminate\Http\Request))
#34 /Users/erickmo/Projects/Ongoing/ThunderDrive/vendor/laravel/framework/src/Illuminate/Pipeline/Pipeline.php(125): Illuminate\Session\Middleware\StartSession->handle(Object(Illuminate\Http\Request), Object(Closure))
#35 /Users/erickmo/Projects/Ongoing/ThunderDrive/vendor/laravel/framework/src/Illuminate/Cookie/Middleware/AddQueuedCookiesToResponse.php(36): Illuminate\Pipeline\Pipeline->Illuminate\Pipeline\{closure}(Object(Illuminate\Http\Request))
#36 /Users/erickmo/Projects/Ongoing/ThunderDrive/vendor/laravel/framework/src/Illuminate/Pipeline/Pipeline.php(125): Illuminate\Cookie\Middleware\AddQueuedCookiesToResponse->handle(Object(Illuminate\Http\Request), Object(Closure))
#37 /Users/erickmo/Projects/Ongoing/ThunderDrive/vendor/laravel/framework/src/Illuminate/Cookie/Middleware/EncryptCookies.php(40): Illuminate\Pipeline\Pipeline->Illuminate\Pipeline\{closure}(Object(Illuminate\Http\Request))
#38 /Users/erickmo/Projects/Ongoing/ThunderDrive/vendor/laravel/framework/src/Illuminate/Pipeline/Pipeline.php(125): Illuminate\Cookie\Middleware\EncryptCookies->handle(Object(Illuminate\Http\Request), Object(Closure))
#39 /Users/erickmo/Projects/Ongoing/ThunderDrive/vendor/laravel/framework/src/Illuminate/Foundation/Http/Middleware/CheckForMaintenanceMode.php(42): Illuminate\Pipeline\Pipeline->Illuminate\Pipeline\{closure}(Object(Illuminate\Http\Request))
#40 /Users/erickmo/Projects/Ongoing/ThunderDrive/vendor/laravel/framework/src/Illuminate/Pipeline/Pipeline.php(125): Illuminate\Foundation\Http\Middleware\CheckForMaintenanceMode->handle(Object(Illuminate\Http\Request), Object(Closure))
#41 [internal function]: Illuminate\Pipeline\Pipeline->Illuminate\Pipeline\{closure}(Object(Illuminate\Http\Request))
#42 /Users/erickmo/Projects/Ongoing/ThunderDrive/vendor/laravel/framework/src/Illuminate/Pipeline/Pipeline.php(101): call_user_func(Object(Closure), Object(Illuminate\Http\Request))
#43 /Users/erickmo/Projects/Ongoing/ThunderDrive/vendor/laravel/framework/src/Illuminate/Foundation/Http/Kernel.php(115): Illuminate\Pipeline\Pipeline->then(Object(Closure))
#44 /Users/erickmo/Projects/Ongoing/ThunderDrive/vendor/laravel/framework/src/Illuminate/Foundation/Http/Kernel.php(84): Illuminate\Foundation\Http\Kernel->sendRequestThroughRouter(Object(Illuminate\Http\Request))
#45 /Users/erickmo/Projects/Ongoing/ThunderDrive/public/index.php(53): Illuminate\Foundation\Http\Kernel->handle(Object(Illuminate\Http\Request))
#46 /Users/erickmo/Projects/Ongoing/ThunderDrive/server.php(21): require_once('/Users/erickmo/...')
#47 {main}  
[2015-05-07 07:56:44] local.ERROR: exception 'Symfony\Component\HttpFoundation\File\Exception\FileException' with message 'The file "KEPUTUSAN MENTERI.pdf" exceeds your upload_max_filesize ini directive (limit is 2048 KiB).' in /Users/erickmo/Projects/Ongoing/ThunderDrive/vendor/symfony/http-foundation/Symfony/Component/HttpFoundation/File/UploadedFile.php:251
Stack trace:
#0 /Users/erickmo/Projects/Ongoing/ThunderDrive/app/Commands/UploadMedia.php(43): Symfony\Component\HttpFoundation\File\UploadedFile->move('file/public/1/1...', 'KEPUTUSAN MENTE...')
#1 [internal function]: App\Commands\UploadMedia->handle()
#2 /Users/erickmo/Projects/Ongoing/ThunderDrive/vendor/laravel/framework/src/Illuminate/Container/Container.php(523): call_user_func_array(Array, Array)
#3 /Users/erickmo/Projects/Ongoing/ThunderDrive/vendor/laravel/framework/src/Illuminate/Bus/Dispatcher.php(202): Illuminate\Container\Container->call(Array)
#4 [internal function]: Illuminate\Bus\Dispatcher->Illuminate\Bus\{closure}(Object(App\Commands\UploadMedia))
#5 /Users/erickmo/Projects/Ongoing/ThunderDrive/vendor/laravel/framework/src/Illuminate/Pipeline/Pipeline.php(141): call_user_func(Object(Closure), Object(App\Commands\UploadMedia))
#6 [internal function]: Illuminate\Pipeline\Pipeline->Illuminate\Pipeline\{closure}(Object(App\Commands\UploadMedia))
#7 /Users/erickmo/Projects/Ongoing/ThunderDrive/vendor/laravel/framework/src/Illuminate/Pipeline/Pipeline.php(101): call_user_func(Object(Closure), Object(App\Commands\UploadMedia))
#8 /Users/erickmo/Projects/Ongoing/ThunderDrive/vendor/laravel/framework/src/Illuminate/Bus/Dispatcher.php(215): Illuminate\Pipeline\Pipeline->then(Object(Closure))
#9 /Users/erickmo/Projects/Ongoing/ThunderDrive/vendor/laravel/framework/src/Illuminate/Bus/Dispatcher.php(185): Illuminate\Bus\Dispatcher->dispatchNow(Object(App\Commands\UploadMedia), NULL)
#10 /Users/erickmo/Projects/Ongoing/ThunderDrive/vendor/laravel/framework/src/Illuminate/Foundation/Bus/DispatchesCommands.php(15): Illuminate\Bus\Dispatcher->dispatch(Object(App\Commands\UploadMedia))
#11 /Users/erickmo/Projects/Ongoing/ThunderDrive/app/Http/Controllers/Web/OrganizationController.php(360): App\Http\Controllers\Controller->dispatch(Object(App\Commands\UploadMedia))
#12 [internal function]: App\Http\Controllers\Web\OrganizationController->file_store('1')
#13 /Users/erickmo/Projects/Ongoing/ThunderDrive/vendor/laravel/framework/src/Illuminate/Routing/Controller.php(246): call_user_func_array(Array, Array)
#14 /Users/erickmo/Projects/Ongoing/ThunderDrive/vendor/laravel/framework/src/Illuminate/Routing/ControllerDispatcher.php(162): Illuminate\Routing\Controller->callAction('file_store', Array)
#15 /Users/erickmo/Projects/Ongoing/ThunderDrive/vendor/laravel/framework/src/Illuminate/Routing/ControllerDispatcher.php(107): Illuminate\Routing\ControllerDispatcher->call(Object(App\Http\Controllers\Web\OrganizationController), Object(Illuminate\Routing\Route), 'file_store')
#16 [internal function]: Illuminate\Routing\ControllerDispatcher->Illuminate\Routing\{closure}(Object(Illuminate\Http\Request))
#17 /Users/erickmo/Projects/Ongoing/ThunderDrive/vendor/laravel/framework/src/Illuminate/Pipeline/Pipeline.php(141): call_user_func(Object(Closure), Object(Illuminate\Http\Request))
#18 [internal function]: Illuminate\Pipeline\Pipeline->Illuminate\Pipeline\{closure}(Object(Illuminate\Http\Request))
#19 /Users/erickmo/Projects/Ongoing/ThunderDrive/vendor/laravel/framework/src/Illuminate/Pipeline/Pipeline.php(101): call_user_func(Object(Closure), Object(Illuminate\Http\Request))
#20 /Users/erickmo/Projects/Ongoing/ThunderDrive/vendor/laravel/framework/src/Illuminate/Routing/ControllerDispatcher.php(108): Illuminate\Pipeline\Pipeline->then(Object(Closure))
#21 /Users/erickmo/Projects/Ongoing/ThunderDrive/vendor/laravel/framework/src/Illuminate/Routing/ControllerDispatcher.php(67): Illuminate\Routing\ControllerDispatcher->callWithinStack(Object(App\Http\Controllers\Web\OrganizationController), Object(Illuminate\Routing\Route), Object(Illuminate\Http\Request), 'file_store')
#22 /Users/erickmo/Projects/Ongoing/ThunderDrive/vendor/laravel/framework/src/Illuminate/Routing/Route.php(204): Illuminate\Routing\ControllerDispatcher->dispatch(Object(Illuminate\Routing\Route), Object(Illuminate\Http\Request), 'App\\Http\\Contro...', 'file_store')
#23 /Users/erickmo/Projects/Ongoing/ThunderDrive/vendor/laravel/framework/src/Illuminate/Routing/Route.php(134): Illuminate\Routing\Route->runWithCustomDispatcher(Object(Illuminate\Http\Request))
#24 /Users/erickmo/Projects/Ongoing/ThunderDrive/vendor/laravel/framework/src/Illuminate/Routing/Router.php(701): Illuminate\Routing\Route->run(Object(Illuminate\Http\Request))
#25 [internal function]: Illuminate\Routing\Router->Illuminate\Routing\{closure}(Object(Illuminate\Http\Request))
#26 /Users/erickmo/Projects/Ongoing/ThunderDrive/vendor/laravel/framework/src/Illuminate/Pipeline/Pipeline.php(141): call_user_func(Object(Closure), Object(Illuminate\Http\Request))
#27 /Users/erickmo/Projects/Ongoing/ThunderDrive/app/Http/Middleware/OrgUser.php(50): Illuminate\Pipeline\Pipeline->Illuminate\Pipeline\{closure}(Object(Illuminate\Http\Request))
#28 /Users/erickmo/Projects/Ongoing/ThunderDrive/vendor/laravel/framework/src/Illuminate/Pipeline/Pipeline.php(125): App\Http\Middleware\OrgUser->handle(Object(Illuminate\Http\Request), Object(Closure))
#29 /Users/erickmo/Projects/Ongoing/ThunderDrive/app/Http/Middleware/AuthenticateMember.php(40): Illuminate\Pipeline\Pipeline->Illuminate\Pipeline\{closure}(Object(Illuminate\Http\Request))
#30 /Users/erickmo/Projects/Ongoing/ThunderDrive/vendor/laravel/framework/src/Illuminate/Pipeline/Pipeline.php(125): App\Http\Middleware\AuthenticateMember->handle(Object(Illuminate\Http\Request), Object(Closure))
#31 [internal function]: Illuminate\Pipeline\Pipeline->Illuminate\Pipeline\{closure}(Object(Illuminate\Http\Request))
#32 /Users/erickmo/Projects/Ongoing/ThunderDrive/vendor/laravel/framework/src/Illuminate/Pipeline/Pipeline.php(101): call_user_func(Object(Closure), Object(Illuminate\Http\Request))
#33 /Users/erickmo/Projects/Ongoing/ThunderDrive/vendor/laravel/framework/src/Illuminate/Routing/Router.php(703): Illuminate\Pipeline\Pipeline->then(Object(Closure))
#34 /Users/erickmo/Projects/Ongoing/ThunderDrive/vendor/laravel/framework/src/Illuminate/Routing/Router.php(670): Illuminate\Routing\Router->runRouteWithinStack(Object(Illuminate\Routing\Route), Object(Illuminate\Http\Request))
#35 /Users/erickmo/Projects/Ongoing/ThunderDrive/vendor/laravel/framework/src/Illuminate/Routing/Router.php(628): Illuminate\Routing\Router->dispatchToRoute(Object(Illuminate\Http\Request))
#36 /Users/erickmo/Projects/Ongoing/ThunderDrive/vendor/laravel/framework/src/Illuminate/Foundation/Http/Kernel.php(214): Illuminate\Routing\Router->dispatch(Object(Illuminate\Http\Request))
#37 [internal function]: Illuminate\Foundation\Http\Kernel->Illuminate\Foundation\Http\{closure}(Object(Illuminate\Http\Request))
#38 /Users/erickmo/Projects/Ongoing/ThunderDrive/vendor/laravel/framework/src/Illuminate/Pipeline/Pipeline.php(141): call_user_func(Object(Closure), Object(Illuminate\Http\Request))
#39 /Users/erickmo/Projects/Ongoing/ThunderDrive/vendor/laravel/framework/src/Illuminate/Foundation/Http/Middleware/VerifyCsrfToken.php(43): Illuminate\Pipeline\Pipeline->Illuminate\Pipeline\{closure}(Object(Illuminate\Http\Request))
#40 /Users/erickmo/Projects/Ongoing/ThunderDrive/app/Http/Middleware/VerifyCsrfToken.php(17): Illuminate\Foundation\Http\Middleware\VerifyCsrfToken->handle(Object(Illuminate\Http\Request), Object(Closure))
#41 /Users/erickmo/Projects/Ongoing/ThunderDrive/vendor/laravel/framework/src/Illuminate/Pipeline/Pipeline.php(125): App\Http\Middleware\VerifyCsrfToken->handle(Object(Illuminate\Http\Request), Object(Closure))
#42 /Users/erickmo/Projects/Ongoing/ThunderDrive/vendor/laravel/framework/src/Illuminate/View/Middleware/ShareErrorsFromSession.php(55): Illuminate\Pipeline\Pipeline->Illuminate\Pipeline\{closure}(Object(Illuminate\Http\Request))
#43 /Users/erickmo/Projects/Ongoing/ThunderDrive/vendor/laravel/framework/src/Illuminate/Pipeline/Pipeline.php(125): Illuminate\View\Middleware\ShareErrorsFromSession->handle(Object(Illuminate\Http\Request), Object(Closure))
#44 /Users/erickmo/Projects/Ongoing/ThunderDrive/vendor/laravel/framework/src/Illuminate/Session/Middleware/StartSession.php(61): Illuminate\Pipeline\Pipeline->Illuminate\Pipeline\{closure}(Object(Illuminate\Http\Request))
#45 /Users/erickmo/Projects/Ongoing/ThunderDrive/vendor/laravel/framework/src/Illuminate/Pipeline/Pipeline.php(125): Illuminate\Session\Middleware\StartSession->handle(Object(Illuminate\Http\Request), Object(Closure))
#46 /Users/erickmo/Projects/Ongoing/ThunderDrive/vendor/laravel/framework/src/Illuminate/Cookie/Middleware/AddQueuedCookiesToResponse.php(36): Illuminate\Pipeline\Pipeline->Illuminate\Pipeline\{closure}(Object(Illuminate\Http\Request))
#47 /Users/erickmo/Projects/Ongoing/ThunderDrive/vendor/laravel/framework/src/Illuminate/Pipeline/Pipeline.php(125): Illuminate\Cookie\Middleware\AddQueuedCookiesToResponse->handle(Object(Illuminate\Http\Request), Object(Closure))
#48 /Users/erickmo/Projects/Ongoing/ThunderDrive/vendor/laravel/framework/src/Illuminate/Cookie/Middleware/EncryptCookies.php(40): Illuminate\Pipeline\Pipeline->Illuminate\Pipeline\{closure}(Object(Illuminate\Http\Request))
#49 /Users/erickmo/Projects/Ongoing/ThunderDrive/vendor/laravel/framework/src/Illuminate/Pipeline/Pipeline.php(125): Illuminate\Cookie\Middleware\EncryptCookies->handle(Object(Illuminate\Http\Request), Object(Closure))
#50 /Users/erickmo/Projects/Ongoing/ThunderDrive/vendor/laravel/framework/src/Illuminate/Foundation/Http/Middleware/CheckForMaintenanceMode.php(42): Illuminate\Pipeline\Pipeline->Illuminate\Pipeline\{closure}(Object(Illuminate\Http\Request))
#51 /Users/erickmo/Projects/Ongoing/ThunderDrive/vendor/laravel/framework/src/Illuminate/Pipeline/Pipeline.php(125): Illuminate\Foundation\Http\Middleware\CheckForMaintenanceMode->handle(Object(Illuminate\Http\Request), Object(Closure))
#52 [internal function]: Illuminate\Pipeline\Pipeline->Illuminate\Pipeline\{closure}(Object(Illuminate\Http\Request))
#53 /Users/erickmo/Projects/Ongoing/ThunderDrive/vendor/laravel/framework/src/Illuminate/Pipeline/Pipeline.php(101): call_user_func(Object(Closure), Object(Illuminate\Http\Request))
#54 /Users/erickmo/Projects/Ongoing/ThunderDrive/vendor/laravel/framework/src/Illuminate/Foundation/Http/Kernel.php(115): Illuminate\Pipeline\Pipeline->then(Object(Closure))
#55 /Users/erickmo/Projects/Ongoing/ThunderDrive/vendor/laravel/framework/src/Illuminate/Foundation/Http/Kernel.php(84): Illuminate\Foundation\Http\Kernel->sendRequestThroughRouter(Object(Illuminate\Http\Request))
#56 /Users/erickmo/Projects/Ongoing/ThunderDrive/public/index.php(53): Illuminate\Foundation\Http\Kernel->handle(Object(Illuminate\Http\Request))
#57 /Users/erickmo/Projects/Ongoing/ThunderDrive/server.php(21): require_once('/Users/erickmo/...')
#58 {main}  
[2015-05-07 08:09:16] local.ERROR: exception 'Symfony\Component\Debug\Exception\FatalErrorException' with message 'Class 'App\Commands\Validator' not found' in /Users/erickmo/Projects/Ongoing/ThunderDrive/app/Commands/UploadMedia.php:38
Stack trace:
#0 {main}  
[2015-05-07 20:24:35] local.ERROR: exception 'Illuminate\Session\TokenMismatchException' in /Users/erickmo/Projects/Ongoing/ThunderDrive/vendor/laravel/framework/src/Illuminate/Foundation/Http/Middleware/VerifyCsrfToken.php:46
Stack trace:
#0 /Users/erickmo/Projects/Ongoing/ThunderDrive/app/Http/Middleware/VerifyCsrfToken.php(17): Illuminate\Foundation\Http\Middleware\VerifyCsrfToken->handle(Object(Illuminate\Http\Request), Object(Closure))
#1 /Users/erickmo/Projects/Ongoing/ThunderDrive/vendor/laravel/framework/src/Illuminate/Pipeline/Pipeline.php(125): App\Http\Middleware\VerifyCsrfToken->handle(Object(Illuminate\Http\Request), Object(Closure))
#2 /Users/erickmo/Projects/Ongoing/ThunderDrive/vendor/laravel/framework/src/Illuminate/View/Middleware/ShareErrorsFromSession.php(55): Illuminate\Pipeline\Pipeline->Illuminate\Pipeline\{closure}(Object(Illuminate\Http\Request))
#3 /Users/erickmo/Projects/Ongoing/ThunderDrive/vendor/laravel/framework/src/Illuminate/Pipeline/Pipeline.php(125): Illuminate\View\Middleware\ShareErrorsFromSession->handle(Object(Illuminate\Http\Request), Object(Closure))
#4 /Users/erickmo/Projects/Ongoing/ThunderDrive/vendor/laravel/framework/src/Illuminate/Session/Middleware/StartSession.php(61): Illuminate\Pipeline\Pipeline->Illuminate\Pipeline\{closure}(Object(Illuminate\Http\Request))
#5 /Users/erickmo/Projects/Ongoing/ThunderDrive/vendor/laravel/framework/src/Illuminate/Pipeline/Pipeline.php(125): Illuminate\Session\Middleware\StartSession->handle(Object(Illuminate\Http\Request), Object(Closure))
#6 /Users/erickmo/Projects/Ongoing/ThunderDrive/vendor/laravel/framework/src/Illuminate/Cookie/Middleware/AddQueuedCookiesToResponse.php(36): Illuminate\Pipeline\Pipeline->Illuminate\Pipeline\{closure}(Object(Illuminate\Http\Request))
#7 /Users/erickmo/Projects/Ongoing/ThunderDrive/vendor/laravel/framework/src/Illuminate/Pipeline/Pipeline.php(125): Illuminate\Cookie\Middleware\AddQueuedCookiesToResponse->handle(Object(Illuminate\Http\Request), Object(Closure))
#8 /Users/erickmo/Projects/Ongoing/ThunderDrive/vendor/laravel/framework/src/Illuminate/Cookie/Middleware/EncryptCookies.php(40): Illuminate\Pipeline\Pipeline->Illuminate\Pipeline\{closure}(Object(Illuminate\Http\Request))
#9 /Users/erickmo/Projects/Ongoing/ThunderDrive/vendor/laravel/framework/src/Illuminate/Pipeline/Pipeline.php(125): Illuminate\Cookie\Middleware\EncryptCookies->handle(Object(Illuminate\Http\Request), Object(Closure))
#10 /Users/erickmo/Projects/Ongoing/ThunderDrive/vendor/laravel/framework/src/Illuminate/Foundation/Http/Middleware/CheckForMaintenanceMode.php(42): Illuminate\Pipeline\Pipeline->Illuminate\Pipeline\{closure}(Object(Illuminate\Http\Request))
#11 /Users/erickmo/Projects/Ongoing/ThunderDrive/vendor/laravel/framework/src/Illuminate/Pipeline/Pipeline.php(125): Illuminate\Foundation\Http\Middleware\CheckForMaintenanceMode->handle(Object(Illuminate\Http\Request), Object(Closure))
#12 [internal function]: Illuminate\Pipeline\Pipeline->Illuminate\Pipeline\{closure}(Object(Illuminate\Http\Request))
#13 /Users/erickmo/Projects/Ongoing/ThunderDrive/vendor/laravel/framework/src/Illuminate/Pipeline/Pipeline.php(101): call_user_func(Object(Closure), Object(Illuminate\Http\Request))
#14 /Users/erickmo/Projects/Ongoing/ThunderDrive/vendor/laravel/framework/src/Illuminate/Foundation/Http/Kernel.php(115): Illuminate\Pipeline\Pipeline->then(Object(Closure))
#15 /Users/erickmo/Projects/Ongoing/ThunderDrive/vendor/laravel/framework/src/Illuminate/Foundation/Http/Kernel.php(84): Illuminate\Foundation\Http\Kernel->sendRequestThroughRouter(Object(Illuminate\Http\Request))
#16 /Users/erickmo/Projects/Ongoing/ThunderDrive/public/index.php(53): Illuminate\Foundation\Http\Kernel->handle(Object(Illuminate\Http\Request))
#17 /Users/erickmo/Projects/Ongoing/ThunderDrive/server.php(21): require_once('/Users/erickmo/...')
#18 {main}  
[2015-05-07 22:30:20] local.ERROR: exception 'Symfony\Component\Debug\Exception\FatalErrorException' with message 'syntax error, unexpected ')'' in /Users/erickmo/Projects/Ongoing/ThunderDrive/app/Http/Controllers/Web/OrganizationController.php:368
Stack trace:
#0 {main}  
